2014-11-26T12:56:59+01:00 INFO (6): bianchi@gmail.com accessed to mario.rossi@gmail.com data. Scopes: lettura_dati_anagrafici lettura_dati_spese_mediche
2014-11-26T12:58:41+01:00 INFO (6): Role Ispettore accessed to mario.rossi@gmail.com data. Scopes: lettura_dati_contratti_locazione_fabbricati lettura_dati_cud
2014-11-26T14:03:46+01:00 INFO (6): Ispettore role_bianchi@gmail.com accessed to mario.rossi@gmail.com data. Scopes: lettura_dati_contratti_locazione_fabbricati lettura_dati_cud
2014-11-28T13:04:23+01:00 INFO (6): bianchi@gmail.com accessed to mario.rossi@gmail.com data. Scopes: lettura_dati_anagrafici lettura_dati_spese_mediche
2014-11-28T13:06:10+01:00 INFO (6): Ispettore role_bianchi@gmail.com accessed to mario.rossi@gmail.com data. Scopes: lettura_dati_contratti_locazione_fabbricati lettura_dati_cud
2014-11-28T13:07:43+01:00 INFO (6): bianchi@gmail.com accessed to mario.rossi@gmail.com data. Scopes: lettura_dati_anagrafici lettura_dati_spese_mediche
2014-11-28T13:31:58+01:00 INFO (6): bianchi@gmail.com accessed to mario.rossi@gmail.com data. Scopes: lettura_dati_anagrafici lettura_dati_spese_mediche
2014-12-01T13:53:41+01:00 INFO (6): Ispettore role_bianchi@gmail.com accessed to mario.rossi@gmail.com data. Scopes: lettura_dati_contratti_locazione_fabbricati lettura_dati_cud
2014-12-01T13:56:14+01:00 INFO (6): bianchi@gmail.com accessed to mario.rossi@gmail.com data. Scopes: lettura_dati_anagrafici lettura_dati_spese_mediche
2014-12-02T11:22:58+01:00 INFO (6): Ispettore role_bianchi@gmail.com accessed to mario.rossi@gmail.com data. Scopes: lettura_dati_contratti_locazione_fabbricati lettura_dati_cud
2014-12-11T12:00:26+01:00 INFO (6): Ispettore role_bianchi@gmail.com accessed to mario.rossi@gmail.com data. Scopes: lettura_dati_contratti_locazione_fabbricati lettura_dati_cud
2014-12-13T13:16:48+01:00 INFO (6): Ispettore role_bianchi@gmail.com accessed to mario.rossi@gmail.com data. Scopes: lettura_dati_contratti_locazione_fabbricati lettura_dati_cud
2014-12-15T16:28:59+01:00 INFO (6): Ispettore role_bianchi@gmail.com accessed to mario.rossi@gmail.com data. Scopes: lettura_dati_contratti_locazione_fabbricati lettura_dati_cud
2014-12-16T17:49:25+01:00 INFO (6): Ispettore ispettore1@gmail.com accessed to mario.rossi@gmail.com data. Scopes: lettura_dati_contratti_locazione_fabbricati lettura_dati_cud
2014-12-20T11:26:15+01:00 INFO (6): Ispettore ispettore1@gmail.com accessed to mario.rossi@gmail.com data. Scopes: lettura_dati_contratti_locazione_fabbricati lettura_dati_cud
2014-12-20T11:37:24+01:00 INFO (6): bianchi@gmail.com accessed to mario.rossi@gmail.com data. Scopes: lettura_dati_anagrafici
2014-12-20T12:00:43+01:00 INFO (6): Ispettore ispettore1@gmail.com accessed to mario.rossi@gmail.com data. Scopes: lettura_dati_contratti_locazione_fabbricati lettura_dati_cud
2015-01-06T12:02:16+01:00 INFO (6): bianchi@gmail.com accessed to mario.rossi@gmail.com data. Scopes: lettura_dati_anagrafici
2015-01-13T13:06:19+01:00 INFO (6): Ispettore ispettore1@gmail.com accessed to mario.rossi@gmail.com data. Scopes: lettura_dati_contratti_locazione_fabbricati lettura_dati_cud
2015-01-15T14:51:48+01:00 INFO (6): Ispettore ispettore1@gmail.com accessed to mario.rossi@gmail.com data. Scopes: lettura_dati_contratti_locazione_fabbricati lettura_dati_cud
2015-01-15T15:42:07+01:00 INFO (6): Ispettore ispettore1@gmail.com accessed to mario.rossi@gmail.com data. Scopes: lettura_dati_contratti_locazione_fabbricati lettura_dati_cud
2015-01-29T17:14:52+01:00 INFO (6): Ispettore ispettore1@gmail.com accessed to mario.rossi@gmail.com data. Scopes: lettura_dati_contratti_locazione_fabbricati lettura_dati_cud
2015-01-29T17:15:18+01:00 INFO (6): bianchi@gmail.com accessed to mario.rossi@gmail.com data. Scopes: lettura_dati_anagrafici
2015-01-30T16:04:55+01:00 INFO (6): bianchi@gmail.com accessed to mario.rossi@gmail.com data. Scopes: lettura_dati_anagrafici
2015-02-06T16:48:49+01:00 INFO (6): Ispettore ispettore1@gmail.com accessed to mario.rossi@gmail.com data. Scopes: lettura_dati_contratti_locazione_fabbricati lettura_dati_cud
2015-02-07T12:44:28+01:00 INFO (6): Ispettore ispettore1@gmail.com accessed to mario.rossi@gmail.com data. Scopes: lettura_dati_contratti_locazione_fabbricati lettura_dati_cud
2015-02-10T14:29:53+01:00 INFO (6): bianchi@gmail.com accessed to mario.rossi@gmail.com data. Scopes: lettura_dati_anagrafici
2015-02-10T15:09:16+01:00 INFO (6): bianchi@gmail.com accessed to mario.rossi@gmail.com data. Scopes: lettura_dati_anagrafici
2015-02-10T15:10:30+01:00 INFO (6): Ispettore ispettore1@gmail.com accessed to mario.rossi@gmail.com data. Scopes: lettura_dati_contratti_locazione_fabbricati lettura_dati_cud
2015-02-10T15:11:17+01:00 INFO (6): Ispettore ispettore1@gmail.com accessed to mario.rossi@gmail.com data. Scopes: lettura_dati_contratti_locazione_fabbricati lettura_dati_cud
2015-02-19T16:58:51+01:00 INFO (6): bianchi@gmail.com accessed to mario.rossi@gmail.com data. Scopes: lettura_dati_anagrafici
2015-02-20T20:17:45+01:00 INFO (6): bianchi@gmail.com accessed to mario.rossi@gmail.com data. Scopes: lettura_dati_anagrafici
2015-02-20T20:18:40+01:00 INFO (6): bianchi@gmail.com accessed to mario.rossi@gmail.com data. Scopes: lettura_dati_anagrafici
2015-02-20T20:21:06+01:00 INFO (6): Ispettore ispettore1@gmail.com accessed to mario.rossi@gmail.com data. Scopes: lettura_dati_contratti_locazione_fabbricati lettura_dati_cud
2015-02-21T12:13:34+01:00 INFO (6): Ispettore ispettore1@gmail.com accessed to mario.rossi@gmail.com data. Scopes: lettura_dati_contratti_locazione_fabbricati lettura_dati_cud
2015-02-21T12:40:05+01:00 INFO (6): Ispettore ispettore1@gmail.com accessed to mario.rossi@gmail.com data. Scopes: lettura_dati_contratti_locazione_fabbricati lettura_dati_cud
2015-02-27T13:48:31+01:00 INFO (6): mario.rossi@gmail.com accessed to mario.rossi@gmail.com data. Scopes: lettura_dati_anagrafici
2015-02-27T14:39:40+01:00 INFO (6): Ispettore ispettore1@gmail.com accessed to mario.rossi@gmail.com data. Scopes: lettura_dati_contratti_locazione_fabbricati lettura_dati_cud
2015-03-10T15:24:35+01:00 INFO (6): bianchi@gmail.com accessed to mario.rossi@gmail.com data. Scopes: lettura_dati_sostituto_imposta
2015-03-11T16:48:40+01:00 INFO (6): bianchi@gmail.com accessed to mario.rossi@gmail.com data. Scopes: lettura_dati_anagrafici
2015-03-11T17:23:37+01:00 INFO (6): bianchi@gmail.com accessed to mario.rossi@gmail.com data. Scopes: lettura_dati_anagrafici lettura_dati_sostituto_imposta lettura_dati_contratti_locazione_fabbricati lettura_dati_cud lettura_dati_spese_mediche lettura_dati_fabbricati
2015-03-11T17:24:57+01:00 INFO (6): bianchi@gmail.com accessed to mario.rossi@gmail.com data. Scopes: lettura_dati_anagrafici
2015-03-11T17:26:04+01:00 INFO (6): bianchi@gmail.com accessed to mario.rossi@gmail.com data. Scopes: lettura_dati_anagrafici
2015-03-11T17:26:46+01:00 INFO (6): bianchi@gmail.com accessed to mario.rossi@gmail.com data. Scopes: lettura_dati_anagrafici
2015-03-11T17:27:22+01:00 INFO (6): bianchi@gmail.com accessed to mario.rossi@gmail.com data. Scopes: lettura_dati_anagrafici
2015-03-11T17:38:47+01:00 INFO (6): bianchi@gmail.com accessed to mario.rossi@gmail.com data. Scopes: lettura_dati_anagrafici
2015-03-11T17:39:59+01:00 INFO (6): Ispettore ispettore1@gmail.com accessed to mario.rossi@gmail.com data. Scopes: lettura_dati_contratti_locazione_fabbricati lettura_dati_cud
2015-03-11T17:40:44+01:00 INFO (6): Ispettore ispettore1@gmail.com accessed to mario.rossi@gmail.com data. Scopes: lettura_dati_contratti_locazione_fabbricati lettura_dati_cud
2015-03-11T17:41:47+01:00 INFO (6): Ispettore ispettore1@gmail.com accessed to mario.rossi@gmail.com data. Scopes: lettura_dati_contratti_locazione_fabbricati lettura_dati_cud
